WARNING: This is a development server. Do not use it in a production deployment. Use a production WSGI server instead.
 * Running on http://127.0.0.1:5000
Press CTRL+C to quit
 * Restarting with watchdog (windowsapi)
 * Debugger is active!
 * Debugger PIN: 211-845-863
 * Detected change in 'd:\\CropEye1\\backend\\app.py', reloading
 * Detected change in 'd:\\CropEye1\\backend\\app.py', reloading
d:\CropEye1\backend\app.py:834: DeprecationWarning: datetime.datetime.utcnow() is deprecated and scheduled for removal in a future version. Use timezone-aware objects to represent datetimes in UTC: datetime.datetime.now(datetime.UTC).
  return jsonify({'status': 'healthy', 'timestamp': datetime.utcnow().isoformat()})
127.0.0.1 - - [19/Oct/2025 19:03:52] "GET /api/health HTTP/1.1" 200 -
 * Restarting with watchdog (windowsapi)
 * Debugger is active!
 * Debugger PIN: 211-845-863
d:\CropEye1\backend\app.py:875: DeprecationWarning: datetime.datetime.utcnow() is deprecated and scheduled for removal in a future version. Use timezone-aware objects to represent datetimes in UTC: datetime.datetime.now(datetime.UTC).
  return jsonify({'overall_ok': overall_ok, 'services': results, 'timestamp': datetime.utcnow().isoformat()}), (200 if overall_ok else 503)
127.0.0.1 - - [19/Oct/2025 19:04:27] "GET /api/health/aggregate HTTP/1.1" 503 -
 * Detected change in 'd:\\CropEye1\\backend\\app.py', reloading
 * Detected change in 'd:\\CropEye1\\backend\\app.py', reloading
 * Restarting with watchdog (windowsapi)
 * Debugger is active!
 * Debugger PIN: 211-845-863
d:\CropEye1\backend\app.py:834: DeprecationWarning: datetime.datetime.utcnow() is deprecated and scheduled for removal in a future version. Use timezone-aware objects to represent datetimes in UTC: datetime.datetime.now(datetime.UTC).
  return jsonify({'status': 'healthy', 'timestamp': datetime.utcnow().isoformat()})
127.0.0.1 - - [19/Oct/2025 19:04:48] "GET /api/health HTTP/1.1" 200 -
 * Detected change in 'C:\\Users\\akshi\\anaconda3\\Lib\\site-packages\\requests\\api.py', reloading
 * Detected change in 'C:\\Users\\akshi\\anaconda3\\Lib\\site-packages\\requests\\sessions.py', reloading
 * Detected change in 'C:\\Users\\akshi\\anaconda3\\Lib\\site-packages\\requests\\adapters.py', reloading
 * Detected change in 'C:\\Users\\akshi\\anaconda3\\Lib\\site-packages\\urllib3\\connectionpool.py', reloading
 * Detected change in 'C:\\Users\\akshi\\anaconda3\\Lib\\site-packages\\urllib3\\util\\retry.py', reloading
 * Detected change in 'C:\\Users\\akshi\\anaconda3\\Lib\\site-packages\\urllib3\\util\\util.py', reloading
 * Detected change in 'C:\\Users\\akshi\\anaconda3\\Lib\\site-packages\\urllib3\\connection.py', reloading
 * Detected change in 'C:\\Users\\akshi\\anaconda3\\Lib\\http\\client.py', reloading
 * Detected change in 'C:\\Users\\akshi\\anaconda3\\Lib\\socket.py', reloading
 * Restarting with watchdog (windowsapi)
 * Debugger is active!
 * Debugger PIN: 211-845-863
[2025-10-19 19:04:59,660] WARNING in app: Proxy POST to http://localhost:5004/api/crop/recommend failed: HTTPConnectionPool(host='localhost', port=5004): Max retries exceeded with url: /api/crop/recommend (Caused by NewConnectionError('<urllib3.connection.HTTPConnection object at 0x000001F6C7F8ECF0>: Failed to establish a new connection: [WinError 10061] No connection could be made because the target machine actively refused it'))
127.0.0.1 - - [19/Oct/2025 19:04:59] "POST /api/crop/recommend HTTP/1.1" 503 -
 * Detected change in 'C:\\Users\\akshi\\anaconda3\\Lib\\site-packages\\pyparsing\\core.py', reloading
 * Restarting with watchdog (windowsapi)
 * Debugger is active!
 * Debugger PIN: 211-845-863
d:\CropEye1\backend\app.py:834: DeprecationWarning: datetime.datetime.utcnow() is deprecated and scheduled for removal in a future version. Use timezone-aware objects to represent datetimes in UTC: datetime.datetime.now(datetime.UTC).
  return jsonify({'status': 'healthy', 'timestamp': datetime.utcnow().isoformat()})
127.0.0.1 - - [19/Oct/2025 19:07:04] "GET /api/health HTTP/1.1" 200 -
127.0.0.1 - - [19/Oct/2025 19:07:11] "GET /api/crop/list HTTP/1.1" 503 -
127.0.0.1 - - [19/Oct/2025 19:07:13] "POST /api/crop/recommend HTTP/1.1" 503 -
d:\CropEye1\backend\app.py:875: DeprecationWarning: datetime.datetime.utcnow() is deprecated and scheduled for removal in a future version. Use timezone-aware objects to represent datetimes in UTC: datetime.datetime.now(datetime.UTC).
  return jsonify({'overall_ok': overall_ok, 'services': results, 'timestamp': datetime.utcnow().isoformat()}), (200 if overall_ok else 503)
127.0.0.1 - - [19/Oct/2025 19:07:31] "GET /api/health/aggregate HTTP/1.1" 503 -
 * Detected change in 'C:\\Users\\akshi\\anaconda3\\envs\\cropeye\\Lib\\site-packages\\flask\\helpers.py', reloading
 * Detected change in 'C:\\Users\\akshi\\anaconda3\\envs\\cropeye\\Lib\\tempfile.py', reloading
 * Restarting with watchdog (windowsapi)
 * Debugger is active!
 * Debugger PIN: 211-845-863
 * Detected change in 'd:\\CropEye1\\backend\\GIS\\Soil\\soil_flask_backend.py', reloading
 * Detected change in 'd:\\CropEye1\\backend\\GIS\\Soil\\soil_flask_backend.py', reloading
 * Restarting with watchdog (windowsapi)
 * Debugger is active!
 * Debugger PIN: 211-845-863
 * Detected change in 'd:\\CropEye1\\backend\\GIS\\Weather\\weather_flask_backend.py', reloading
 * Detected change in 'd:\\CropEye1\\backend\\GIS\\Weather\\weather_flask_backend.py', reloading
 * Restarting with watchdog (windowsapi)
 * Debugger is active!
 * Debugger PIN: 211-845-863
 * Detected change in 'd:\\CropEye1\\backend\\GIS\\Soil\\soil_flask_backend.py', reloading
 * Detected change in 'd:\\CropEye1\\backend\\GIS\\Soil\\soil_flask_backend.py', reloading
 * Restarting with watchdog (windowsapi)
 * Debugger is active!
 * Debugger PIN: 211-845-863
 * Detected change in 'd:\\CropEye1\\backend\\GIS\\NDVI\\ndvi_flask_backend.py', reloading
 * Detected change in 'd:\\CropEye1\\backend\\GIS\\NDVI\\ndvi_flask_backend.py', reloading
 * Restarting with watchdog (windowsapi)
 * Debugger is active!
 * Debugger PIN: 211-845-863
 * Detected change in 'd:\\CropEye1\\backend\\GIS\\NDVI\\ndvi_flask_backend.py', reloading
 * Detected change in 'd:\\CropEye1\\backend\\GIS\\NDVI\\ndvi_flask_backend.py', reloading
 * Restarting with watchdog (windowsapi)
 * Debugger is active!
 * Debugger PIN: 211-845-863
d:\CropEye1\backend\app.py:875: DeprecationWarning: datetime.datetime.utcnow() is deprecated and scheduled for removal in a future version. Use timezone-aware objects to represent datetimes in UTC: datetime.datetime.now(datetime.UTC).
  return jsonify({'overall_ok': overall_ok, 'services': results, 'timestamp': datetime.utcnow().isoformat()}), (200 if overall_ok else 503)
127.0.0.1 - - [19/Oct/2025 19:19:26] "GET /api/health/aggregate HTTP/1.1" 503 -
 * Detected change in 'd:\\CropEye1\\backend\\GIS\\Water\\water_management.py', reloading
 * Restarting with watchdog (windowsapi)
 * Debugger is active!
 * Debugger PIN: 211-845-863
 * Detected change in 'd:\\CropEye1\\backend\\GIS\\Water\\water_management.py', reloading
 * Detected change in 'd:\\CropEye1\\backend\\GIS\\Water\\water_management.py', reloading
 * Restarting with watchdog (windowsapi)
 * Debugger is active!
 * Debugger PIN: 211-845-863
 * Detected change in 'd:\\CropEye1\\backend\\GIS\\Water\\water_flask_backend.py', reloading
 * Restarting with watchdog (windowsapi)
 * Debugger is active!
 * Debugger PIN: 211-845-863
 * Detected change in 'd:\\CropEye1\\backend\\GIS\\Water\\water_flask_backend.py', reloading
 * Detected change in 'd:\\CropEye1\\backend\\GIS\\Water\\water_flask_backend.py', reloading
 * Restarting with watchdog (windowsapi)
 * Debugger is active!
 * Debugger PIN: 211-845-863
 * Detected change in 'd:\\CropEye1\\backend\\GIS\\Water\\water_flask_backend.py', reloading
 * Detected change in 'd:\\CropEye1\\backend\\GIS\\Water\\water_flask_backend.py', reloading
 * Restarting with watchdog (windowsapi)
 * Debugger is active!
 * Debugger PIN: 211-845-863
 * Detected change in 'd:\\CropEye1\\backend\\GIS\\Water\\test_water_management.py', reloading
 * Restarting with watchdog (windowsapi)
 * Debugger is active!
 * Debugger PIN: 211-845-863
 * Detected change in 'd:\\CropEye1\\backend\\GIS\\Water\\test_water_management.py', reloading
 * Detected change in 'd:\\CropEye1\\backend\\GIS\\Water\\test_water_management.py', reloading
 * Restarting with watchdog (windowsapi)
 * Debugger is active!
 * Debugger PIN: 211-845-863
d:\CropEye1\backend\app.py:875: DeprecationWarning: datetime.datetime.utcnow() is deprecated and scheduled for removal in a future version. Use timezone-aware objects to represent datetimes in UTC: datetime.datetime.now(datetime.UTC).
  return jsonify({'overall_ok': overall_ok, 'services': results, 'timestamp': datetime.utcnow().isoformat()}), (200 if overall_ok else 503)
127.0.0.1 - - [19/Oct/2025 19:23:07] "GET /api/health/aggregate HTTP/1.1" 200 -
d:\CropEye1\backend\app.py:834: DeprecationWarning: datetime.datetime.utcnow() is deprecated and scheduled for removal in a future version. Use timezone-aware objects to represent datetimes in UTC: datetime.datetime.now(datetime.UTC).
  return jsonify({'status': 'healthy', 'timestamp': datetime.utcnow().isoformat()})
127.0.0.1 - - [19/Oct/2025 19:23:18] "GET /api/health HTTP/1.1" 200 -
127.0.0.1 - - [19/Oct/2025 19:23:25] "GET /api/crop/list HTTP/1.1" 503 -
127.0.0.1 - - [19/Oct/2025 19:23:27] "POST /api/crop/recommend HTTP/1.1" 503 -
127.0.0.1 - - [19/Oct/2025 19:23:28] "GET /api/health/aggregate HTTP/1.1" 200 -
