================================================================================
SOIL ANALYSIS BACKEND - FINAL VERSION
================================================================================

API Endpoints:
   POST   /api/soil/analyze              - Comprehensive soil analysis
   POST   /api/soil/compare              - Compare multiple locations
   GET    /api/soil/recommendations/<lat>/<lng> - Detailed recommendations
   GET    /api/soil/known-locations      - Known agricultural sites
   GET    /api/soil/integration-status   - Integration status check
   GET    /api/health                    - Health check
   GET    /api/soil/debug                - Debug information

Key Features:
   - Copernicus satellite data integration
   - GPS and manual coordinate support
   - Enhanced unknown location handling
   - Geographic context analysis
   - Climate-adjusted estimates
   - NDVI-Soil correlation analysis
   - Comprehensive recommendations

Data Sources:
   1. Known Survey Data (95% confidence)
   2. Copernicus Satellite (70-85% confidence)
   3. SoilGrids API (72% confidence)
   4. Regional Modeling (62% confidence)
================================================================================

Server starting on http://0.0.0.0:5002
NDVI module integration: Active
Copernicus integration: Active

================================================================================

 * Serving Flask app 'soil_flask_backend'
 * Debug mode: on
================================================================================
SOIL ANALYSIS BACKEND - FINAL VERSION
================================================================================

API Endpoints:
   POST   /api/soil/analyze              - Comprehensive soil analysis
   POST   /api/soil/compare              - Compare multiple locations
   GET    /api/soil/recommendations/<lat>/<lng> - Detailed recommendations
   GET    /api/soil/known-locations      - Known agricultural sites
   GET    /api/soil/integration-status   - Integration status check
   GET    /api/health                    - Health check
   GET    /api/soil/debug                - Debug information

Key Features:
   - Copernicus satellite data integration
   - GPS and manual coordinate support
   - Enhanced unknown location handling
   - Geographic context analysis
   - Climate-adjusted estimates
   - NDVI-Soil correlation analysis
   - Comprehensive recommendations

Data Sources:
   1. Known Survey Data (95% confidence)
   2. Copernicus Satellite (70-85% confidence)
   3. SoilGrids API (72% confidence)
   4. Regional Modeling (62% confidence)
================================================================================

Server starting on http://0.0.0.0:5002
NDVI module integration: Active
Copernicus integration: Active

================================================================================

================================================================================
SOIL ANALYSIS BACKEND - FINAL VERSION
================================================================================

API Endpoints:
   POST   /api/soil/analyze              - Comprehensive soil analysis
   POST   /api/soil/compare              - Compare multiple locations
   GET    /api/soil/recommendations/<lat>/<lng> - Detailed recommendations
   GET    /api/soil/known-locations      - Known agricultural sites
   GET    /api/soil/integration-status   - Integration status check
   GET    /api/health                    - Health check
   GET    /api/soil/debug                - Debug information

Key Features:
   - Copernicus satellite data integration
   - GPS and manual coordinate support
   - Enhanced unknown location handling
   - Geographic context analysis
   - Climate-adjusted estimates
   - NDVI-Soil correlation analysis
   - Comprehensive recommendations

Data Sources:
   1. Known Survey Data (95% confidence)
   2. Copernicus Satellite (70-85% confidence)
   3. SoilGrids API (72% confidence)
   4. Regional Modeling (62% confidence)
================================================================================

Server starting on http://0.0.0.0:5002
NDVI module integration: Active
Copernicus integration: Active

================================================================================

